<?xml version="1.0" encoding="UTF-8"?>
<!-- Generated by org.testng.reporters.JUnitReportReporter -->
<testsuite skipped="0" hostname="LAPTOP-20464U94" name="busyqa.testsuite_smoke.TestCase_Login" tests="1" failures="0" timestamp="07 May 2018 18:23:59 GMT" time="4.062" errors="0">
  <testcase name="Logintest" time="4.062" classname="busyqa.testsuite_smoke.TestCase_Login"/>
</testsuite> <!-- busyqa.testsuite_smoke.TestCase_Login -->
