<?xml version="1.0" encoding="UTF-8"?>
<!-- Generated by org.testng.reporters.JUnitReportReporter -->
<testsuite skipped="0" hostname="MyComputer" name="com.testsuite_regression.TestCase_Login" tests="1" failures="0" timestamp="30 Nov 2019 15:02:57 GMT" time="5.584" errors="0">
  <testcase name="Logintest" time="5.584" classname="com.testsuite_regression.TestCase_Login"/>
</testsuite> <!-- com.testsuite_regression.TestCase_Login -->
