<?xml version="1.0" encoding="UTF-8"?>
<!-- Generated by org.testng.reporters.JUnitReportReporter -->
<testsuite skipped="1" hostname="LAPTOP-20464U94" name="busyqa.testsuite_datadriven.TestCase_DataDriventTesting" tests="1" failures="0" timestamp="07 May 2018 19:00:20 GMT" time="0.000" errors="0">
  <testcase name="Logintest" time="0.000" classname="busyqa.testsuite_datadriven.TestCase_DataDriventTesting">
    <skipped/>
  </testcase> <!-- Logintest -->
</testsuite> <!-- busyqa.testsuite_datadriven.TestCase_DataDriventTesting -->
