<?xml version="1.0" encoding="UTF-8"?>
<!-- Generated by org.testng.reporters.JUnitReportReporter -->
<testsuite skipped="0" hostname="LAPTOP-20464U94" name="busyqa.testsuite_regression.TestCase_purchaseTicket" tests="1" failures="0" timestamp="07 May 2018 19:03:33 GMT" time="13.812" errors="0">
  <testcase name="purchaseAirTicket" time="13.812" classname="busyqa.testsuite_regression.TestCase_purchaseTicket"/>
</testsuite> <!-- busyqa.testsuite_regression.TestCase_purchaseTicket -->
